# JRE version: OpenJDK Runtime Environment (8.0_242-b01) (build 1.8.0_242-release-1644-b01)
# Java VM: OpenJDK 64-Bit Server VM (25.242-b01 mixed mode windows-amd64 compressed oops)
Heap:
 PSYoungGen      total 348672K, used 130789K [0x00000000d5580000, 0x00000000ec500000, 0x0000000100000000)
  eden space 325120K, 32% used [0x00000000d5580000,0x00000000dbe3ebc0,0x00000000e9300000)
  from space 23552K, 99% used [0x00000000e9300000,0x00000000ea9faa38,0x00000000eaa00000)
  to   space 18432K, 71% used [0x00000000eaa00000,0x00000000eb6d5500,0x00000000ebc00000)
 ParOldGen       total 212480K, used 42573K [0x0000000080000000, 0x000000008cf80000, 0x00000000d5580000)
  object space 212480K, 20% used [0x0000000080000000,0x00000000829936f8,0x000000008cf80000)
 Metaspace       used 69845K, capacity 73502K, committed 73624K, reserved 1116160K
  class space    used 9664K, capacity 10332K, committed 10416K, reserved 1048576K
GC Heap History (10 events):
Event: 4.158 GC heap before
{Heap before GC invocations=8 (full 2):
 PSYoungGen      total 233472K, used 8458K [0x00000000d5580000, 0x00000000e4a00000, 0x0000000100000000)
  eden space 218112K, 0% used [0x00000000d5580000,0x00000000d5580000,0x00000000e2a80000)
  from space 15360K, 55% used [0x00000000e3900000,0x00000000e4142ad0,0x00000000e4800000)
  to   space 14848K, 0% used [0x00000000e2a80000,0x00000000e2a80000,0x00000000e3900000)
 ParOldGen       total 92672K, used 10431K [0x0000000080000000, 0x0000000085a80000, 0x00000000d5580000)
  object space 92672K, 11% used [0x0000000080000000,0x0000000080a2fd00,0x0000000085a80000)
 Metaspace       used 34309K, capacity 35420K, committed 35496K, reserved 1079296K
  class space    used 4733K, capacity 5003K, committed 5040K, reserved 1048576K
Event: 4.196 GC heap after
Heap after GC invocations=8 (full 2):
 PSYoungGen      total 233472K, used 0K [0x00000000d5580000, 0x00000000e4a00000, 0x0000000100000000)
  eden space 218112K, 0% used [0x00000000d5580000,0x00000000d5580000,0x00000000e2a80000)
  from space 15360K, 0% used [0x00000000e3900000,0x00000000e3900000,0x00000000e4800000)
  to   space 14848K, 0% used [0x00000000e2a80000,0x00000000e2a80000,0x00000000e3900000)
 ParOldGen       total 139776K, used 14831K [0x0000000080000000, 0x0000000088880000, 0x00000000d5580000)
  object space 139776K, 10% used [0x0000000080000000,0x0000000080e7bc38,0x0000000088880000)
 Metaspace       used 34309K, capacity 35420K, committed 35496K, reserved 1079296K
  class space    used 4733K, capacity 5003K, committed 5040K, reserved 1048576K
}
Event: 5.696 GC heap before
{Heap before GC invocations=9 (full 2):
 PSYoungGen      total 233472K, used 218112K [0x00000000d5580000, 0x00000000e4a00000, 0x0000000100000000)
  eden space 218112K, 100% used [0x00000000d5580000,0x00000000e2a80000,0x00000000e2a80000)
  from space 15360K, 0% used [0x00000000e3900000,0x00000000e3900000,0x00000000e4800000)
  to   space 14848K, 0% used [0x00000000e2a80000,0x00000000e2a80000,0x00000000e3900000)
 ParOldGen       total 139776K, used 14831K [0x0000000080000000, 0x0000000088880000, 0x00000000d5580000)
  object space 139776K, 10% used [0x0000000080000000,0x0000000080e7bc38,0x0000000088880000)
 Metaspace       used 45972K, capacity 47768K, committed 48168K, reserved 1091584K
  class space    used 6229K, capacity 6578K, committed 6704K, reserved 1048576K
Event: 5.711 GC heap after
Heap after GC invocations=9 (full 2):
 PSYoungGen      total 232960K, used 14822K [0x00000000d5580000, 0x00000000ebc00000, 0x0000000100000000)
  eden space 218112K, 0% used [0x00000000d5580000,0x00000000d5580000,0x00000000e2a80000)
  from space 14848K, 99% used [0x00000000e2a80000,0x00000000e38f9a88,0x00000000e3900000)
  to   space 18432K, 0% used [0x00000000eaa00000,0x00000000eaa00000,0x00000000ebc00000)
 ParOldGen       total 139776K, used 17948K [0x0000000080000000, 0x0000000088880000, 0x00000000d5580000)
  object space 139776K, 12% used [0x0000000080000000,0x0000000081187258,0x0000000088880000)
 Metaspace       used 45972K, capacity 47768K, committed 48168K, reserved 1091584K
  class space    used 6229K, capacity 6578K, committed 6704K, reserved 1048576K
}
Event: 7.047 GC heap before
{Heap before GC invocations=10 (full 2):
 PSYoungGen      total 232960K, used 141962K [0x00000000d5580000, 0x00000000ebc00000, 0x0000000100000000)
  eden space 218112K, 58% used [0x00000000d5580000,0x00000000dd1a8f48,0x00000000e2a80000)
  from space 14848K, 99% used [0x00000000e2a80000,0x00000000e38f9a88,0x00000000e3900000)
  to   space 18432K, 0% used [0x00000000eaa00000,0x00000000eaa00000,0x00000000ebc00000)
 ParOldGen       total 139776K, used 17948K [0x0000000080000000, 0x0000000088880000, 0x00000000d5580000)
  object space 139776K, 12% used [0x0000000080000000,0x0000000081187258,0x0000000088880000)
 Metaspace       used 56696K, capacity 59044K, committed 59160K, reserved 1099776K
  class space    used 7765K, capacity 8229K, committed 8240K, reserved 1048576K
Event: 7.072 GC heap after
Heap after GC invocations=10 (full 2):
 PSYoungGen      total 343552K, used 18410K [0x00000000d5580000, 0x00000000ec500000, 0x0000000100000000)
  eden space 325120K, 0% used [0x00000000d5580000,0x00000000d5580000,0x00000000e9300000)
  from space 18432K, 99% used [0x00000000eaa00000,0x00000000ebbfa960,0x00000000ebc00000)
  to   space 23552K, 0% used [0x00000000e9300000,0x00000000e9300000,0x00000000eaa00000)
 ParOldGen       total 139776K, used 24287K [0x0000000080000000, 0x0000000088880000, 0x00000000d5580000)
  object space 139776K, 17% used [0x0000000080000000,0x00000000817b7c70,0x0000000088880000)
 Metaspace       used 56696K, capacity 59044K, committed 59160K, reserved 1099776K
  class space    used 7765K, capacity 8229K, committed 8240K, reserved 1048576K
}
Event: 7.072 GC heap before
{Heap before GC invocations=11 (full 3):
 PSYoungGen      total 343552K, used 18410K [0x00000000d5580000, 0x00000000ec500000, 0x0000000100000000)
  eden space 325120K, 0% used [0x00000000d5580000,0x00000000d5580000,0x00000000e9300000)
  from space 18432K, 99% used [0x00000000eaa00000,0x00000000ebbfa960,0x00000000ebc00000)
  to   space 23552K, 0% used [0x00000000e9300000,0x00000000e9300000,0x00000000eaa00000)
 ParOldGen       total 139776K, used 24287K [0x0000000080000000, 0x0000000088880000, 0x00000000d5580000)
  object space 139776K, 17% used [0x0000000080000000,0x00000000817b7c70,0x0000000088880000)
 Metaspace       used 56696K, capacity 59044K, committed 59160K, reserved 1099776K
  class space    used 7765K, capacity 8229K, committed 8240K, reserved 1048576K
Event: 7.282 GC heap after
Heap after GC invocations=11 (full 3):
 PSYoungGen      total 343552K, used 0K [0x00000000d5580000, 0x00000000ec500000, 0x0000000100000000)
  eden space 325120K, 0% used [0x00000000d5580000,0x00000000d5580000,0x00000000e9300000)
  from space 18432K, 0% used [0x00000000eaa00000,0x00000000eaa00000,0x00000000ebc00000)
  to   space 23552K, 0% used [0x00000000e9300000,0x00000000e9300000,0x00000000eaa00000)
 ParOldGen       total 212480K, used 36535K [0x0000000080000000, 0x000000008cf80000, 0x00000000d5580000)
  object space 212480K, 17% used [0x0000000080000000,0x00000000823adf38,0x000000008cf80000)
 Metaspace       used 56681K, capacity 58990K, committed 59160K, reserved 1099776K
  class space    used 7760K, capacity 8220K, committed 8240K, reserved 1048576K
}
Event: 9.630 GC heap before
{Heap before GC invocations=12 (full 3):
 PSYoungGen      total 343552K, used 325120K [0x00000000d5580000, 0x00000000ec500000, 0x0000000100000000)
  eden space 325120K, 100% used [0x00000000d5580000,0x00000000e9300000,0x00000000e9300000)
  from space 18432K, 0% used [0x00000000eaa00000,0x00000000eaa00000,0x00000000ebc00000)
  to   space 23552K, 0% used [0x00000000e9300000,0x00000000e9300000,0x00000000eaa00000)
 ParOldGen       total 212480K, used 36535K [0x0000000080000000, 0x000000008cf80000, 0x00000000d5580000)
  object space 212480K, 17% used [0x0000000080000000,0x00000000823adf38,0x000000008cf80000)
 Metaspace       used 68178K, capacity 71742K, committed 71832K, reserved 1112064K
  class space    used 9430K, capacity 10086K, committed 10160K, reserved 1048576K
Event: 9.658 GC heap after
Heap after GC invocations=12 (full 3):
 PSYoungGen      total 348672K, used 23530K [0x00000000d5580000, 0x00000000ec500000, 0x0000000100000000)
  eden space 325120K, 0% used [0x00000000d5580000,0x00000000d5580000,0x00000000e9300000)
  from space 23552K, 99% used [0x00000000e9300000,0x00000000ea9faa38,0x00000000eaa00000)
  to   space 18432K, 0% used [0x00000000eaa00000,0x00000000eaa00000,0x00000000ebc00000)
 ParOldGen       total 212480K, used 42573K [0x0000000080000000, 0x000000008cf80000, 0x00000000d5580000)
  object space 212480K, 20% used [0x0000000080000000,0x00000000829936f8,0x000000008cf80000)
 Metaspace       used 68178K, capacity 71742K, committed 71832K, reserved 1112064K
  class space    used 9430K, capacity 10086K, committed 10160K, reserved 1048576K
}

