# JRE version: OpenJDK Runtime Environment (8.0_242-b01) (build 1.8.0_242-release-1644-b01)
# Java VM: OpenJDK 64-Bit Server VM (25.242-b01 mixed mode windows-amd64 compressed oops)
Heap:
 PSYoungGen      total 243712K, used 211517K [0x00000000d5580000, 0x00000000e7f00000, 0x0000000100000000)
  eden space 223232K, 85% used [0x00000000d5580000,0x00000000e1012928,0x00000000e2f80000)
  from space 20480K, 99% used [0x00000000e4f00000,0x00000000e62fccb8,0x00000000e6300000)
  to   space 32256K, 0% used [0x00000000e2f80000,0x00000000e2f80000,0x00000000e4f00000)
 ParOldGen       total 221184K, used 56851K [0x0000000080000000, 0x000000008d800000, 0x00000000d5580000)
  object space 221184K, 25% used [0x0000000080000000,0x0000000083784fa8,0x000000008d800000)
 Metaspace       used 78653K, capacity 83727K, committed 83992K, reserved 1122304K
  class space    used 11036K, capacity 11964K, committed 12080K, reserved 1048576K
GC Heap History (10 events):
Event: 6.873 GC heap before
{Heap before GC invocations=11 (full 2):
 PSYoungGen      total 163328K, used 163122K [0x00000000d5580000, 0x00000000e1280000, 0x0000000100000000)
  eden space 155136K, 100% used [0x00000000d5580000,0x00000000ded00000,0x00000000ded00000)
  from space 8192K, 97% used [0x00000000e0a80000,0x00000000e124c9b0,0x00000000e1280000)
  to   space 11264K, 0% used [0x00000000dfc80000,0x00000000dfc80000,0x00000000e0780000)
 ParOldGen       total 147456K, used 14800K [0x0000000080000000, 0x0000000089000000, 0x00000000d5580000)
  object space 147456K, 10% used [0x0000000080000000,0x0000000080e743b8,0x0000000089000000)
 Metaspace       used 52669K, capacity 54798K, committed 54952K, reserved 1097728K
  class space    used 7095K, capacity 7525K, committed 7600K, reserved 1048576K
Event: 6.893 GC heap after
Heap after GC invocations=11 (full 2):
 PSYoungGen      total 182272K, used 11232K [0x00000000d5580000, 0x00000000e3a00000, 0x0000000100000000)
  eden space 171008K, 0% used [0x00000000d5580000,0x00000000d5580000,0x00000000dfc80000)
  from space 11264K, 99% used [0x00000000dfc80000,0x00000000e0778030,0x00000000e0780000)
  to   space 17408K, 0% used [0x00000000e2900000,0x00000000e2900000,0x00000000e3a00000)
 ParOldGen       total 147456K, used 28375K [0x0000000080000000, 0x0000000089000000, 0x00000000d5580000)
  object space 147456K, 19% used [0x0000000080000000,0x0000000081bb5f98,0x0000000089000000)
 Metaspace       used 52669K, capacity 54798K, committed 54952K, reserved 1097728K
  class space    used 7095K, capacity 7525K, committed 7600K, reserved 1048576K
}
Event: 7.431 GC heap before
{Heap before GC invocations=12 (full 2):
 PSYoungGen      total 182272K, used 64445K [0x00000000d5580000, 0x00000000e3a00000, 0x0000000100000000)
  eden space 171008K, 31% used [0x00000000d5580000,0x00000000d89777b8,0x00000000dfc80000)
  from space 11264K, 99% used [0x00000000dfc80000,0x00000000e0778030,0x00000000e0780000)
  to   space 17408K, 0% used [0x00000000e2900000,0x00000000e2900000,0x00000000e3a00000)
 ParOldGen       total 147456K, used 28375K [0x0000000080000000, 0x0000000089000000, 0x00000000d5580000)
  object space 147456K, 19% used [0x0000000080000000,0x0000000081bb5f98,0x0000000089000000)
 Metaspace       used 56690K, capacity 59130K, committed 59160K, reserved 1099776K
  class space    used 7771K, capacity 8220K, committed 8240K, reserved 1048576K
Event: 7.445 GC heap after
Heap after GC invocations=12 (full 2):
 PSYoungGen      total 215040K, used 16426K [0x00000000d5580000, 0x00000000e5480000, 0x0000000100000000)
  eden space 197632K, 0% used [0x00000000d5580000,0x00000000d5580000,0x00000000e1680000)
  from space 17408K, 94% used [0x00000000e2900000,0x00000000e390ab00,0x00000000e3a00000)
  to   space 18944K, 0% used [0x00000000e1680000,0x00000000e1680000,0x00000000e2900000)
 ParOldGen       total 147456K, used 28383K [0x0000000080000000, 0x0000000089000000, 0x00000000d5580000)
  object space 147456K, 19% used [0x0000000080000000,0x0000000081bb7f98,0x0000000089000000)
 Metaspace       used 56690K, capacity 59130K, committed 59160K, reserved 1099776K
  class space    used 7771K, capacity 8220K, committed 8240K, reserved 1048576K
}
Event: 7.445 GC heap before
{Heap before GC invocations=13 (full 3):
 PSYoungGen      total 215040K, used 16426K [0x00000000d5580000, 0x00000000e5480000, 0x0000000100000000)
  eden space 197632K, 0% used [0x00000000d5580000,0x00000000d5580000,0x00000000e1680000)
  from space 17408K, 94% used [0x00000000e2900000,0x00000000e390ab00,0x00000000e3a00000)
  to   space 18944K, 0% used [0x00000000e1680000,0x00000000e1680000,0x00000000e2900000)
 ParOldGen       total 147456K, used 28383K [0x0000000080000000, 0x0000000089000000, 0x00000000d5580000)
  object space 147456K, 19% used [0x0000000080000000,0x0000000081bb7f98,0x0000000089000000)
 Metaspace       used 56690K, capacity 59130K, committed 59160K, reserved 1099776K
  class space    used 7771K, capacity 8220K, committed 8240K, reserved 1048576K
Event: 7.648 GC heap after
Heap after GC invocations=13 (full 3):
 PSYoungGen      total 215040K, used 0K [0x00000000d5580000, 0x00000000e5480000, 0x0000000100000000)
  eden space 197632K, 0% used [0x00000000d5580000,0x00000000d5580000,0x00000000e1680000)
  from space 17408K, 0% used [0x00000000e2900000,0x00000000e2900000,0x00000000e3a00000)
  to   space 18944K, 0% used [0x00000000e1680000,0x00000000e1680000,0x00000000e2900000)
 ParOldGen       total 221184K, used 31967K [0x0000000080000000, 0x000000008d800000, 0x00000000d5580000)
  object space 221184K, 14% used [0x0000000080000000,0x0000000081f37dd0,0x000000008d800000)
 Metaspace       used 56642K, capacity 58968K, committed 59160K, reserved 1099776K
  class space    used 7756K, capacity 8193K, committed 8240K, reserved 1048576K
}
Event: 9.547 GC heap before
{Heap before GC invocations=14 (full 3):
 PSYoungGen      total 215040K, used 197632K [0x00000000d5580000, 0x00000000e5480000, 0x0000000100000000)
  eden space 197632K, 100% used [0x00000000d5580000,0x00000000e1680000,0x00000000e1680000)
  from space 17408K, 0% used [0x00000000e2900000,0x00000000e2900000,0x00000000e3a00000)
  to   space 18944K, 0% used [0x00000000e1680000,0x00000000e1680000,0x00000000e2900000)
 ParOldGen       total 221184K, used 31967K [0x0000000080000000, 0x000000008d800000, 0x00000000d5580000)
  object space 221184K, 14% used [0x0000000080000000,0x0000000081f37dd0,0x000000008d800000)
 Metaspace       used 66191K, capacity 69522K, committed 69656K, reserved 1110016K
  class space    used 9172K, capacity 9774K, committed 9776K, reserved 1048576K
Event: 9.562 GC heap after
Heap after GC invocations=14 (full 3):
 PSYoungGen      total 216576K, used 17146K [0x00000000d5580000, 0x00000000e6300000, 0x0000000100000000)
  eden space 197632K, 0% used [0x00000000d5580000,0x00000000d5580000,0x00000000e1680000)
  from space 18944K, 90% used [0x00000000e1680000,0x00000000e273e900,0x00000000e2900000)
  to   space 20480K, 0% used [0x00000000e4f00000,0x00000000e4f00000,0x00000000e6300000)
 ParOldGen       total 221184K, used 31975K [0x0000000080000000, 0x000000008d800000, 0x00000000d5580000)
  object space 221184K, 14% used [0x0000000080000000,0x0000000081f39dd0,0x000000008d800000)
 Metaspace       used 66191K, capacity 69522K, committed 69656K, reserved 1110016K
  class space    used 9172K, capacity 9774K, committed 9776K, reserved 1048576K
}
Event: 10.525 GC heap before
{Heap before GC invocations=15 (full 3):
 PSYoungGen      total 216576K, used 214778K [0x00000000d5580000, 0x00000000e6300000, 0x0000000100000000)
  eden space 197632K, 100% used [0x00000000d5580000,0x00000000e1680000,0x00000000e1680000)
  from space 18944K, 90% used [0x00000000e1680000,0x00000000e273e900,0x00000000e2900000)
  to   space 20480K, 0% used [0x00000000e4f00000,0x00000000e4f00000,0x00000000e6300000)
 ParOldGen       total 221184K, used 31975K [0x0000000080000000, 0x000000008d800000, 0x00000000d5580000)
  object space 221184K, 14% used [0x0000000080000000,0x0000000081f39dd0,0x000000008d800000)
 Metaspace       used 72877K, capacity 77078K, committed 77208K, reserved 1116160K
  class space    used 10129K, capacity 10884K, committed 10928K, reserved 1048576K
Event: 10.553 GC heap after
Heap after GC invocations=15 (full 3):
 PSYoungGen      total 243712K, used 20467K [0x00000000d5580000, 0x00000000e7f00000, 0x0000000100000000)
  eden space 223232K, 0% used [0x00000000d5580000,0x00000000d5580000,0x00000000e2f80000)
  from space 20480K, 99% used [0x00000000e4f00000,0x00000000e62fccb8,0x00000000e6300000)
  to   space 32256K, 0% used [0x00000000e2f80000,0x00000000e2f80000,0x00000000e4f00000)
 ParOldGen       total 221184K, used 56851K [0x0000000080000000, 0x000000008d800000, 0x00000000d5580000)
  object space 221184K, 25% used [0x0000000080000000,0x0000000083784fa8,0x000000008d800000)
 Metaspace       used 72877K, capacity 77078K, committed 77208K, reserved 1116160K
  class space    used 10129K, capacity 10884K, committed 10928K, reserved 1048576K
}

