# JRE version: OpenJDK Runtime Environment (8.0_242-b01) (build 1.8.0_242-release-1644-b01)
# Java VM: OpenJDK 64-Bit Server VM (25.242-b01 mixed mode windows-amd64 compressed oops)
Heap:
 PSYoungGen      total 117248K, used 77271K [0x00000000d5580000, 0x00000000e1780000, 0x0000000100000000)
  eden space 105472K, 73% used [0x00000000d5580000,0x00000000da0f5e40,0x00000000dbc80000)
  from space 11776K, 0% used [0x00000000dbc80000,0x00000000dbc80000,0x00000000dc800000)
  to   space 11264K, 0% used [0x00000000e0c80000,0x00000000e0c80000,0x00000000e1780000)
 ParOldGen       total 145920K, used 14794K [0x0000000080000000, 0x0000000088e80000, 0x00000000d5580000)
  object space 145920K, 10% used [0x0000000080000000,0x0000000080e72a18,0x0000000088e80000)
 Metaspace       used 36235K, capacity 37696K, committed 37928K, reserved 1081344K
  class space    used 4995K, capacity 5305K, committed 5424K, reserved 1048576K
GC Heap History (10 events):
Event: 2.922 GC heap before
{Heap before GC invocations=5 (full 1):
 PSYoungGen      total 75776K, used 7461K [0x00000000d5580000, 0x00000000de980000, 0x0000000100000000)
  eden space 65024K, 0% used [0x00000000d5580000,0x00000000d5580000,0x00000000d9500000)
  from space 10752K, 69% used [0x00000000d9f80000,0x00000000da6c9458,0x00000000daa00000)
  to   space 10752K, 0% used [0x00000000d9500000,0x00000000d9500000,0x00000000d9f80000)
 ParOldGen       total 173568K, used 804K [0x0000000080000000, 0x000000008a980000, 0x00000000d5580000)
  object space 173568K, 0% used [0x0000000080000000,0x00000000800c9100,0x000000008a980000)
 Metaspace       used 20555K, capacity 21224K, committed 21296K, reserved 1067008K
  class space    used 2878K, capacity 3076K, committed 3120K, reserved 1048576K
Event: 2.955 GC heap after
Heap after GC invocations=5 (full 1):
 PSYoungGen      total 75776K, used 0K [0x00000000d5580000, 0x00000000de980000, 0x0000000100000000)
  eden space 65024K, 0% used [0x00000000d5580000,0x00000000d5580000,0x00000000d9500000)
  from space 10752K, 0% used [0x00000000d9f80000,0x00000000d9f80000,0x00000000daa00000)
  to   space 10752K, 0% used [0x00000000d9500000,0x00000000d9500000,0x00000000d9f80000)
 ParOldGen       total 95232K, used 7310K [0x0000000080000000, 0x0000000085d00000, 0x00000000d5580000)
  object space 95232K, 7% used [0x0000000080000000,0x0000000080723be8,0x0000000085d00000)
 Metaspace       used 20555K, capacity 21224K, committed 21296K, reserved 1067008K
  class space    used 2878K, capacity 3076K, committed 3120K, reserved 1048576K
}
Event: 3.624 GC heap before
{Heap before GC invocations=6 (full 1):
 PSYoungGen      total 75776K, used 65024K [0x00000000d5580000, 0x00000000de980000, 0x0000000100000000)
  eden space 65024K, 100% used [0x00000000d5580000,0x00000000d9500000,0x00000000d9500000)
  from space 10752K, 0% used [0x00000000d9f80000,0x00000000d9f80000,0x00000000daa00000)
  to   space 10752K, 0% used [0x00000000d9500000,0x00000000d9500000,0x00000000d9f80000)
 ParOldGen       total 95232K, used 7310K [0x0000000080000000, 0x0000000085d00000, 0x00000000d5580000)
  object space 95232K, 7% used [0x0000000080000000,0x0000000080723be8,0x0000000085d00000)
 Metaspace       used 28432K, capacity 29246K, committed 29360K, reserved 1075200K
  class space    used 3945K, capacity 4187K, committed 4272K, reserved 1048576K
Event: 3.629 GC heap after
Heap after GC invocations=6 (full 1):
 PSYoungGen      total 75776K, used 8122K [0x00000000d5580000, 0x00000000dd380000, 0x0000000100000000)
  eden space 65024K, 0% used [0x00000000d5580000,0x00000000d5580000,0x00000000d9500000)
  from space 10752K, 75% used [0x00000000d9500000,0x00000000d9cee8c0,0x00000000d9f80000)
  to   space 11776K, 0% used [0x00000000dc800000,0x00000000dc800000,0x00000000dd380000)
 ParOldGen       total 95232K, used 7318K [0x0000000080000000, 0x0000000085d00000, 0x00000000d5580000)
  object space 95232K, 7% used [0x0000000080000000,0x0000000080725be8,0x0000000085d00000)
 Metaspace       used 28432K, capacity 29246K, committed 29360K, reserved 1075200K
  class space    used 3945K, capacity 4187K, committed 4272K, reserved 1048576K
}
Event: 4.168 GC heap before
{Heap before GC invocations=7 (full 1):
 PSYoungGen      total 75776K, used 73146K [0x00000000d5580000, 0x00000000dd380000, 0x0000000100000000)
  eden space 65024K, 100% used [0x00000000d5580000,0x00000000d9500000,0x00000000d9500000)
  from space 10752K, 75% used [0x00000000d9500000,0x00000000d9cee8c0,0x00000000d9f80000)
  to   space 11776K, 0% used [0x00000000dc800000,0x00000000dc800000,0x00000000dd380000)
 ParOldGen       total 95232K, used 7318K [0x0000000080000000, 0x0000000085d00000, 0x00000000d5580000)
  object space 95232K, 7% used [0x0000000080000000,0x0000000080725be8,0x0000000085d00000)
 Metaspace       used 32662K, capacity 33674K, committed 33712K, reserved 1079296K
  class space    used 4476K, capacity 4751K, committed 4784K, reserved 1048576K
Event: 4.177 GC heap after
Heap after GC invocations=7 (full 1):
 PSYoungGen      total 117248K, used 9161K [0x00000000d5580000, 0x00000000dd380000, 0x0000000100000000)
  eden space 105472K, 0% used [0x00000000d5580000,0x00000000d5580000,0x00000000dbc80000)
  from space 11776K, 77% used [0x00000000dc800000,0x00000000dd0f26b8,0x00000000dd380000)
  to   space 11776K, 0% used [0x00000000dbc80000,0x00000000dbc80000,0x00000000dc800000)
 ParOldGen       total 95232K, used 7326K [0x0000000080000000, 0x0000000085d00000, 0x00000000d5580000)
  object space 95232K, 7% used [0x0000000080000000,0x0000000080727be8,0x0000000085d00000)
 Metaspace       used 32662K, capacity 33674K, committed 33712K, reserved 1079296K
  class space    used 4476K, capacity 4751K, committed 4784K, reserved 1048576K
}
Event: 4.396 GC heap before
{Heap before GC invocations=8 (full 1):
 PSYoungGen      total 117248K, used 44435K [0x00000000d5580000, 0x00000000dd380000, 0x0000000100000000)
  eden space 105472K, 33% used [0x00000000d5580000,0x00000000d77f2698,0x00000000dbc80000)
  from space 11776K, 77% used [0x00000000dc800000,0x00000000dd0f26b8,0x00000000dd380000)
  to   space 11776K, 0% used [0x00000000dbc80000,0x00000000dbc80000,0x00000000dc800000)
 ParOldGen       total 95232K, used 7326K [0x0000000080000000, 0x0000000085d00000, 0x00000000d5580000)
  object space 95232K, 7% used [0x0000000080000000,0x0000000080727be8,0x0000000085d00000)
 Metaspace       used 34305K, capacity 35420K, committed 35496K, reserved 1079296K
  class space    used 4733K, capacity 5003K, committed 5040K, reserved 1048576K
Event: 4.404 GC heap after
Heap after GC invocations=8 (full 1):
 PSYoungGen      total 117248K, used 8359K [0x00000000d5580000, 0x00000000e1780000, 0x0000000100000000)
  eden space 105472K, 0% used [0x00000000d5580000,0x00000000d5580000,0x00000000dbc80000)
  from space 11776K, 70% used [0x00000000dbc80000,0x00000000dc4a9fb8,0x00000000dc800000)
  to   space 11264K, 0% used [0x00000000e0c80000,0x00000000e0c80000,0x00000000e1780000)
 ParOldGen       total 95232K, used 7334K [0x0000000080000000, 0x0000000085d00000, 0x00000000d5580000)
  object space 95232K, 7% used [0x0000000080000000,0x0000000080729be8,0x0000000085d00000)
 Metaspace       used 34305K, capacity 35420K, committed 35496K, reserved 1079296K
  class space    used 4733K, capacity 5003K, committed 5040K, reserved 1048576K
}
Event: 4.404 GC heap before
{Heap before GC invocations=9 (full 2):
 PSYoungGen      total 117248K, used 8359K [0x00000000d5580000, 0x00000000e1780000, 0x0000000100000000)
  eden space 105472K, 0% used [0x00000000d5580000,0x00000000d5580000,0x00000000dbc80000)
  from space 11776K, 70% used [0x00000000dbc80000,0x00000000dc4a9fb8,0x00000000dc800000)
  to   space 11264K, 0% used [0x00000000e0c80000,0x00000000e0c80000,0x00000000e1780000)
 ParOldGen       total 95232K, used 7334K [0x0000000080000000, 0x0000000085d00000, 0x00000000d5580000)
  object space 95232K, 7% used [0x0000000080000000,0x0000000080729be8,0x0000000085d00000)
 Metaspace       used 34305K, capacity 35420K, committed 35496K, reserved 1079296K
  class space    used 4733K, capacity 5003K, committed 5040K, reserved 1048576K
Event: 4.451 GC heap after
Heap after GC invocations=9 (full 2):
 PSYoungGen      total 117248K, used 0K [0x00000000d5580000, 0x00000000e1780000, 0x0000000100000000)
  eden space 105472K, 0% used [0x00000000d5580000,0x00000000d5580000,0x00000000dbc80000)
  from space 11776K, 0% used [0x00000000dbc80000,0x00000000dbc80000,0x00000000dc800000)
  to   space 11264K, 0% used [0x00000000e0c80000,0x00000000e0c80000,0x00000000e1780000)
 ParOldGen       total 145920K, used 14794K [0x0000000080000000, 0x0000000088e80000, 0x00000000d5580000)
  object space 145920K, 10% used [0x0000000080000000,0x0000000080e72a18,0x0000000088e80000)
 Metaspace       used 34305K, capacity 35420K, committed 35496K, reserved 1079296K
  class space    used 4733K, capacity 5003K, committed 5040K, reserved 1048576K
}

