# JRE version: OpenJDK Runtime Environment (8.0_242-b01) (build 1.8.0_242-release-1644-b01)
# Java VM: OpenJDK 64-Bit Server VM (25.242-b01 mixed mode windows-amd64 compressed oops)
Heap:
 PSYoungGen      total 544768K, used 224906K [0x00000000d5580000, 0x00000000f9f00000, 0x0000000100000000)
  eden space 497152K, 41% used [0x00000000d5580000,0x00000000e1d1d128,0x00000000f3b00000)
  from space 47616K, 43% used [0x00000000f3b00000,0x00000000f4f05798,0x00000000f6980000)
  to   space 49664K, 0% used [0x00000000f6980000,0x00000000f6980000,0x00000000f9a00000)
 ParOldGen       total 199168K, used 148502K [0x0000000080000000, 0x000000008c280000, 0x00000000d5580000)
  object space 199168K, 74% used [0x0000000080000000,0x00000000891058a0,0x000000008c280000)
 Metaspace       used 90750K, capacity 95542K, committed 99112K, reserved 1134592K
  class space    used 11907K, capacity 12776K, committed 13744K, reserved 1048576K
GC Heap History (10 events):
Event: 116.269 GC heap before
{Heap before GC invocations=21 (full 3):
 PSYoungGen      total 444416K, used 352756K [0x00000000d5580000, 0x00000000f9a00000, 0x0000000100000000)
  eden space 396288K, 80% used [0x00000000d5580000,0x00000000e8ee9d60,0x00000000ed880000)
  from space 48128K, 66% used [0x00000000ed880000,0x00000000ef793480,0x00000000f0780000)
  to   space 49664K, 0% used [0x00000000f6980000,0x00000000f6980000,0x00000000f9a00000)
 ParOldGen       total 199168K, used 116536K [0x0000000080000000, 0x000000008c280000, 0x00000000d5580000)
  object space 199168K, 58% used [0x0000000080000000,0x00000000871ce3a8,0x000000008c280000)
 Metaspace       used 91695K, capacity 98550K, committed 98600K, reserved 1134592K
  class space    used 12426K, capacity 13714K, committed 13744K, reserved 1048576K
Event: 116.303 GC heap after
Heap after GC invocations=21 (full 3):
 PSYoungGen      total 546816K, used 17572K [0x00000000d5580000, 0x00000000f9f00000, 0x0000000100000000)
  eden space 497152K, 0% used [0x00000000d5580000,0x00000000d5580000,0x00000000f3b00000)
  from space 49664K, 35% used [0x00000000f6980000,0x00000000f7aa9060,0x00000000f9a00000)
  to   space 47616K, 0% used [0x00000000f3b00000,0x00000000f3b00000,0x00000000f6980000)
 ParOldGen       total 199168K, used 142267K [0x0000000080000000, 0x000000008c280000, 0x00000000d5580000)
  object space 199168K, 71% used [0x0000000080000000,0x0000000088aeef58,0x000000008c280000)
 Metaspace       used 91695K, capacity 98550K, committed 98600K, reserved 1134592K
  class space    used 12426K, capacity 13714K, committed 13744K, reserved 1048576K
}
Event: 116.303 GC heap before
{Heap before GC invocations=22 (full 4):
 PSYoungGen      total 546816K, used 17572K [0x00000000d5580000, 0x00000000f9f00000, 0x0000000100000000)
  eden space 497152K, 0% used [0x00000000d5580000,0x00000000d5580000,0x00000000f3b00000)
  from space 49664K, 35% used [0x00000000f6980000,0x00000000f7aa9060,0x00000000f9a00000)
  to   space 47616K, 0% used [0x00000000f3b00000,0x00000000f3b00000,0x00000000f6980000)
 ParOldGen       total 199168K, used 142267K [0x0000000080000000, 0x000000008c280000, 0x00000000d5580000)
  object space 199168K, 71% used [0x0000000080000000,0x0000000088aeef58,0x000000008c280000)
 Metaspace       used 91695K, capacity 98550K, committed 98600K, reserved 1134592K
  class space    used 12426K, capacity 13714K, committed 13744K, reserved 1048576K
Event: 116.663 GC heap after
Heap after GC invocations=22 (full 4):
 PSYoungGen      total 546816K, used 0K [0x00000000d5580000, 0x00000000f9f00000, 0x0000000100000000)
  eden space 497152K, 0% used [0x00000000d5580000,0x00000000d5580000,0x00000000f3b00000)
  from space 49664K, 0% used [0x00000000f6980000,0x00000000f6980000,0x00000000f9a00000)
  to   space 47616K, 0% used [0x00000000f3b00000,0x00000000f3b00000,0x00000000f6980000)
 ParOldGen       total 199168K, used 124818K [0x0000000080000000, 0x000000008c280000, 0x00000000d5580000)
  object space 199168K, 62% used [0x0000000080000000,0x00000000879e4b08,0x000000008c280000)
 Metaspace       used 90206K, capacity 94992K, committed 98600K, reserved 1134592K
  class space    used 11896K, capacity 12771K, committed 13744K, reserved 1048576K
}
Event: 117.351 GC heap before
{Heap before GC invocations=23 (full 4):
 PSYoungGen      total 546816K, used 497152K [0x00000000d5580000, 0x00000000f9f00000, 0x0000000100000000)
  eden space 497152K, 100% used [0x00000000d5580000,0x00000000f3b00000,0x00000000f3b00000)
  from space 49664K, 0% used [0x00000000f6980000,0x00000000f6980000,0x00000000f9a00000)
  to   space 47616K, 0% used [0x00000000f3b00000,0x00000000f3b00000,0x00000000f6980000)
 ParOldGen       total 199168K, used 124818K [0x0000000080000000, 0x000000008c280000, 0x00000000d5580000)
  object space 199168K, 62% used [0x0000000080000000,0x00000000879e4b08,0x000000008c280000)
 Metaspace       used 90486K, capacity 95326K, committed 98856K, reserved 1134592K
  class space    used 11907K, capacity 12776K, committed 13744K, reserved 1048576K
Event: 117.376 GC heap after
Heap after GC invocations=23 (full 4):
 PSYoungGen      total 544768K, used 24650K [0x00000000d5580000, 0x00000000f9f00000, 0x0000000100000000)
  eden space 497152K, 0% used [0x00000000d5580000,0x00000000d5580000,0x00000000f3b00000)
  from space 47616K, 51% used [0x00000000f3b00000,0x00000000f5312820,0x00000000f6980000)
  to   space 49664K, 0% used [0x00000000f6980000,0x00000000f6980000,0x00000000f9a00000)
 ParOldGen       total 199168K, used 124826K [0x0000000080000000, 0x000000008c280000, 0x00000000d5580000)
  object space 199168K, 62% used [0x0000000080000000,0x00000000879e6b08,0x000000008c280000)
 Metaspace       used 90486K, capacity 95326K, committed 98856K, reserved 1134592K
  class space    used 11907K, capacity 12776K, committed 13744K, reserved 1048576K
}
Event: 118.063 GC heap before
{Heap before GC invocations=24 (full 4):
 PSYoungGen      total 544768K, used 521802K [0x00000000d5580000, 0x00000000f9f00000, 0x0000000100000000)
  eden space 497152K, 100% used [0x00000000d5580000,0x00000000f3b00000,0x00000000f3b00000)
  from space 47616K, 51% used [0x00000000f3b00000,0x00000000f5312820,0x00000000f6980000)
  to   space 49664K, 0% used [0x00000000f6980000,0x00000000f6980000,0x00000000f9a00000)
 ParOldGen       total 199168K, used 124826K [0x0000000080000000, 0x000000008c280000, 0x00000000d5580000)
  object space 199168K, 62% used [0x0000000080000000,0x00000000879e6b08,0x000000008c280000)
 Metaspace       used 90633K, capacity 95470K, committed 99112K, reserved 1134592K
  class space    used 11907K, capacity 12776K, committed 13744K, reserved 1048576K
Event: 118.092 GC heap after
Heap after GC invocations=24 (full 4):
 PSYoungGen      total 546816K, used 17312K [0x00000000d5580000, 0x00000000f9f00000, 0x0000000100000000)
  eden space 497152K, 0% used [0x00000000d5580000,0x00000000d5580000,0x00000000f3b00000)
  from space 49664K, 34% used [0x00000000f6980000,0x00000000f7a68348,0x00000000f9a00000)
  to   space 47616K, 0% used [0x00000000f3b00000,0x00000000f3b00000,0x00000000f6980000)
 ParOldGen       total 199168K, used 140201K [0x0000000080000000, 0x000000008c280000, 0x00000000d5580000)
  object space 199168K, 70% used [0x0000000080000000,0x00000000888ea6d8,0x000000008c280000)
 Metaspace       used 90633K, capacity 95470K, committed 99112K, reserved 1134592K
  class space    used 11907K, capacity 12776K, committed 13744K, reserved 1048576K
}
Event: 118.724 GC heap before
{Heap before GC invocations=25 (full 4):
 PSYoungGen      total 546816K, used 514464K [0x00000000d5580000, 0x00000000f9f00000, 0x0000000100000000)
  eden space 497152K, 100% used [0x00000000d5580000,0x00000000f3b00000,0x00000000f3b00000)
  from space 49664K, 34% used [0x00000000f6980000,0x00000000f7a68348,0x00000000f9a00000)
  to   space 47616K, 0% used [0x00000000f3b00000,0x00000000f3b00000,0x00000000f6980000)
 ParOldGen       total 199168K, used 140394K [0x0000000080000000, 0x000000008c280000, 0x00000000d5580000)
  object space 199168K, 70% used [0x0000000080000000,0x000000008891a8e0,0x000000008c280000)
 Metaspace       used 90747K, capacity 95542K, committed 99112K, reserved 1134592K
  class space    used 11907K, capacity 12776K, committed 13744K, reserved 1048576K
Event: 118.750 GC heap after
Heap after GC invocations=25 (full 4):
 PSYoungGen      total 544768K, used 20501K [0x00000000d5580000, 0x00000000f9f00000, 0x0000000100000000)
  eden space 497152K, 0% used [0x00000000d5580000,0x00000000d5580000,0x00000000f3b00000)
  from space 47616K, 43% used [0x00000000f3b00000,0x00000000f4f05798,0x00000000f6980000)
  to   space 49664K, 0% used [0x00000000f6980000,0x00000000f6980000,0x00000000f9a00000)
 ParOldGen       total 199168K, used 148502K [0x0000000080000000, 0x000000008c280000, 0x00000000d5580000)
  object space 199168K, 74% used [0x0000000080000000,0x00000000891058a0,0x000000008c280000)
 Metaspace       used 90747K, capacity 95542K, committed 99112K, reserved 1134592K
  class space    used 11907K, capacity 12776K, committed 13744K, reserved 1048576K
}

